<?xml version="1.0" encoding="UTF-8"?>
<!-- Generated by org.testng.reporters.JUnitXMLReporter -->
<testsuite ignored="0" hostname="DESKTOP-BRJ46B7" failures="0" tests="10" name="Default test" time="22.218" errors="0" timestamp="2023-08-13T14:13:08 IST">
  <testcase classname="api.test.DataDrivenTests" name="testPostuser" time="10.525"/>
  <testcase classname="api.test.DataDrivenTests" name="testPostuser" time="0.9"/>
  <testcase classname="api.test.DataDrivenTests" name="testPostuser" time="0.507"/>
  <testcase classname="api.test.DataDrivenTests" name="testPostuser" time="0.641"/>
  <testcase classname="api.test.DataDrivenTests" name="testPostuser" time="0.504"/>
  <testcase classname="api.test.DataDrivenTests" name="testPostuser" time="0.6"/>
  <testcase classname="api.test.DataDrivenTests" name="testPostuser" time="0.655"/>
  <testcase classname="api.test.DataDrivenTests" name="testPostuser" time="0.56"/>
  <testcase classname="api.test.DataDrivenTests" name="testPostuser" time="0.598"/>
  <testcase classname="api.test.DataDrivenTests" name="testPostuser" time="0.498"/>
</testsuite> <!-- Default test -->
