<?xml version="1.0" encoding="UTF-8"?>
<!-- Generated by org.testng.reporters.JUnitXMLReporter -->
<testsuite ignored="0" hostname="DESKTOP-BRJ46B7" failures="0" tests="4" name="ReqresTest" time="11.292" errors="0" timestamp="2023-08-14T18:22:01 IST">
  <testcase classname="api.test.ReqresTest2" name="testPostUser" time="7.774"/>
  <testcase classname="api.test.ReqresTest2" name="testGetUserById" time="0.638"/>
  <testcase classname="api.test.ReqresTest2" name="testupdateUserById" time="0.522"/>
  <testcase classname="api.test.ReqresTest2" name="testDeleteUserById" time="0.719"/>
</testsuite> <!-- ReqresTest -->
