<?xml version="1.0" encoding="UTF-8"?>
<testng-results ignored="0" total="4" passed="4" failed="0" skipped="0">
  <reporter-output>
  </reporter-output>
  <suite started-at="2023-08-14T18:21:49 IST" name="TestSuite" finished-at="2023-08-14T18:22:00 IST" duration-ms="11292">
    <groups>
    </groups>
    <test started-at="2023-08-14T18:21:49 IST" name="ReqresTest" finished-at="2023-08-14T18:22:00 IST" duration-ms="11292">
      <class name="api.test.ReqresTest2">
        <test-method is-config="true" signature="setUpData()[pri:0, instance:api.test.ReqresTest2@1e0b4072]" started-at="2023-08-14T18:21:50 IST" name="setUpData" finished-at="2023-08-14T18:21:50 IST" duration-ms="703" status="PASS">
          <reporter-output>
          </reporter-output>
        </test-method> <!-- setUpData -->
        <test-method signature="testPostUser()[pri:1, instance:api.test.ReqresTest2@1e0b4072]" started-at="2023-08-14T18:21:50 IST" name="testPostUser" finished-at="2023-08-14T18:21:58 IST" duration-ms="7774" status="PASS">
          <reporter-output>
          </reporter-output>
        </test-method> <!-- testPostUser -->
        <test-method signature="testGetUserById()[pri:2, instance:api.test.ReqresTest2@1e0b4072]" started-at="2023-08-14T18:21:58 IST" name="testGetUserById" finished-at="2023-08-14T18:21:59 IST" duration-ms="638" status="PASS">
          <reporter-output>
          </reporter-output>
        </test-method> <!-- testGetUserById -->
        <test-method signature="testupdateUserById()[pri:3, instance:api.test.ReqresTest2@1e0b4072]" started-at="2023-08-14T18:21:59 IST" name="testupdateUserById" finished-at="2023-08-14T18:21:59 IST" duration-ms="522" status="PASS">
          <reporter-output>
          </reporter-output>
        </test-method> <!-- testupdateUserById -->
        <test-method signature="testDeleteUserById()[pri:4, instance:api.test.ReqresTest2@1e0b4072]" started-at="2023-08-14T18:21:59 IST" name="testDeleteUserById" finished-at="2023-08-14T18:22:00 IST" duration-ms="719" status="PASS">
          <reporter-output>
          </reporter-output>
        </test-method> <!-- testDeleteUserById -->
      </class> <!-- api.test.ReqresTest2 -->
    </test> <!-- ReqresTest -->
  </suite> <!-- TestSuite -->
</testng-results>
