<?xml version="1.0" encoding="UTF-8"?>
<testng-results ignored="0" total="4" passed="4" failed="0" skipped="0">
  <reporter-output>
  </reporter-output>
  <suite started-at="2023-08-13T20:23:25 IST" name="TestSuite" finished-at="2023-08-13T20:23:36 IST" duration-ms="10695">
    <groups>
    </groups>
    <test started-at="2023-08-13T20:23:25 IST" name="ReqresTest" finished-at="2023-08-13T20:23:36 IST" duration-ms="10695">
      <class name="api.test.ReqresTest2">
        <test-method is-config="true" signature="setUpData()[pri:0, instance:api.test.ReqresTest2@1e1a0406]" started-at="2023-08-13T20:23:26 IST" name="setUpData" finished-at="2023-08-13T20:23:26 IST" duration-ms="529" status="PASS">
          <reporter-output>
          </reporter-output>
        </test-method> <!-- setUpData -->
        <test-method signature="testPostUser()[pri:1, instance:api.test.ReqresTest2@1e1a0406]" started-at="2023-08-13T20:23:26 IST" name="testPostUser" finished-at="2023-08-13T20:23:34 IST" duration-ms="7347" status="PASS">
          <reporter-output>
          </reporter-output>
        </test-method> <!-- testPostUser -->
        <test-method signature="testGetUserById()[pri:2, instance:api.test.ReqresTest2@1e1a0406]" started-at="2023-08-13T20:23:34 IST" name="testGetUserById" finished-at="2023-08-13T20:23:34 IST" duration-ms="619" status="PASS">
          <reporter-output>
          </reporter-output>
        </test-method> <!-- testGetUserById -->
        <test-method signature="testupdateUserById()[pri:3, instance:api.test.ReqresTest2@1e1a0406]" started-at="2023-08-13T20:23:34 IST" name="testupdateUserById" finished-at="2023-08-13T20:23:35 IST" duration-ms="661" status="PASS">
          <reporter-output>
          </reporter-output>
        </test-method> <!-- testupdateUserById -->
        <test-method signature="testDeleteUserById()[pri:4, instance:api.test.ReqresTest2@1e1a0406]" started-at="2023-08-13T20:23:35 IST" name="testDeleteUserById" finished-at="2023-08-13T20:23:36 IST" duration-ms="588" status="PASS">
          <reporter-output>
          </reporter-output>
        </test-method> <!-- testDeleteUserById -->
      </class> <!-- api.test.ReqresTest2 -->
    </test> <!-- ReqresTest -->
  </suite> <!-- TestSuite -->
</testng-results>
