<?xml version="1.0" encoding="UTF-8"?>
<!-- Generated by org.testng.reporters.JUnitXMLReporter -->
<testsuite ignored="0" hostname="DESKTOP-BRJ46B7" failures="0" tests="4" name="ReqresTest" time="10.695" errors="0" timestamp="2023-08-13T20:23:36 IST">
  <testcase classname="api.test.ReqresTest2" name="testPostUser" time="7.347"/>
  <testcase classname="api.test.ReqresTest2" name="testGetUserById" time="0.619"/>
  <testcase classname="api.test.ReqresTest2" name="testupdateUserById" time="0.661"/>
  <testcase classname="api.test.ReqresTest2" name="testDeleteUserById" time="0.588"/>
</testsuite> <!-- ReqresTest -->
